Start testing: May 25 11:25 CST
----------------------------------------------------------
1/6 Testing: test_arena
1/6 Test: test_arena
Command: "/home/shf/workspace-ai/new_work_521/c_graph/build/tests/test_arena"
Directory: /home/shf/workspace-ai/new_work_521/c_graph/build/tests
"test_arena" start time: May 25 11:25 CST
Output:
----------------------------------------------------------
/home/shf/workspace-ai/new_work_521/c_graph/tests/test_arena.c:36:test_arena_basic_alloc:PASS
/home/shf/workspace-ai/new_work_521/c_graph/tests/test_arena.c:37:test_arena_strdup:PASS
/home/shf/workspace-ai/new_work_521/c_graph/tests/test_arena.c:38:test_arena_large_alloc:PASS

-----------------------
3 Tests 0 Failures 0 Ignored 
OK
<end of output>
Test time =   0.00 sec
----------------------------------------------------------
Test Passed.
"test_arena" end time: May 25 11:25 CST
"test_arena" time elapsed: 00:00:00
----------------------------------------------------------

2/6 Testing: test_hash
2/6 Test: test_hash
Command: "/home/shf/workspace-ai/new_work_521/c_graph/build/tests/test_hash"
Directory: /home/shf/workspace-ai/new_work_521/c_graph/build/tests
"test_hash" start time: May 25 11:25 CST
Output:
----------------------------------------------------------
/home/shf/workspace-ai/new_work_521/c_graph/tests/test_hash.c:53:test_hashmap_put_get:PASS
/home/shf/workspace-ai/new_work_521/c_graph/tests/test_hash.c:54:test_hashmap_missing_key:PASS
/home/shf/workspace-ai/new_work_521/c_graph/tests/test_hash.c:55:test_hashmap_overwrite:PASS
/home/shf/workspace-ai/new_work_521/c_graph/tests/test_hash.c:56:test_hashmap_grow:PASS

-----------------------
4 Tests 0 Failures 0 Ignored 
OK
<end of output>
Test time =   0.00 sec
----------------------------------------------------------
Test Passed.
"test_hash" end time: May 25 11:25 CST
"test_hash" time elapsed: 00:00:00
----------------------------------------------------------

3/6 Testing: test_graph
3/6 Test: test_graph
Command: "/home/shf/workspace-ai/new_work_521/c_graph/build/tests/test_graph"
Directory: /home/shf/workspace-ai/new_work_521/c_graph/build/tests
"test_graph" start time: May 25 11:25 CST
Output:
----------------------------------------------------------
/home/shf/workspace-ai/new_work_521/c_graph/tests/test_graph.c:60:test_graph_add_node:PASS
/home/shf/workspace-ai/new_work_521/c_graph/tests/test_graph.c:61:test_graph_add_edge:PASS
/home/shf/workspace-ai/new_work_521/c_graph/tests/test_graph.c:62:test_graph_lookup_by_name:PASS
/home/shf/workspace-ai/new_work_521/c_graph/tests/test_graph.c:63:test_graph_edges_to:PASS

-----------------------
4 Tests 0 Failures 0 Ignored 
OK
<end of output>
Test time =   0.00 sec
----------------------------------------------------------
Test Passed.
"test_graph" end time: May 25 11:25 CST
"test_graph" time elapsed: 00:00:00
----------------------------------------------------------

4/6 Testing: test_serialize
4/6 Test: test_serialize
Command: "/home/shf/workspace-ai/new_work_521/c_graph/build/tests/test_serialize"
Directory: /home/shf/workspace-ai/new_work_521/c_graph/build/tests
"test_serialize" start time: May 25 11:25 CST
Output:
----------------------------------------------------------
/home/shf/workspace-ai/new_work_521/c_graph/tests/test_serialize.c:58:test_serialize_roundtrip:PASS
/home/shf/workspace-ai/new_work_521/c_graph/tests/test_serialize.c:59:test_serialize_empty_graph:PASS

-----------------------
2 Tests 0 Failures 0 Ignored 
OK
<end of output>
Test time =   0.00 sec
----------------------------------------------------------
Test Passed.
"test_serialize" end time: May 25 11:25 CST
"test_serialize" time elapsed: 00:00:00
----------------------------------------------------------

5/6 Testing: test_compdb
5/6 Test: test_compdb
Command: "/home/shf/workspace-ai/new_work_521/c_graph/build/tests/test_compdb"
Directory: /home/shf/workspace-ai/new_work_521/c_graph/build/tests
"test_compdb" start time: May 25 11:25 CST
Output:
----------------------------------------------------------
/home/shf/workspace-ai/new_work_521/c_graph/tests/test_compdb.c:18:test_compdb_parse:PASS

-----------------------
1 Tests 0 Failures 0 Ignored 
OK
<end of output>
Test time =   0.00 sec
----------------------------------------------------------
Test Passed.
"test_compdb" end time: May 25 11:25 CST
"test_compdb" time elapsed: 00:00:00
----------------------------------------------------------

6/6 Testing: test_parser
6/6 Test: test_parser
Command: "/home/shf/workspace-ai/new_work_521/c_graph/build/tests/test_parser"
Directory: /home/shf/workspace-ai/new_work_521/c_graph/build/tests
"test_parser" start time: May 25 11:25 CST
Output:
----------------------------------------------------------
/home/shf/workspace-ai/new_work_521/c_graph/tests/test_parser.c:44:test_parser_extracts_functions:PASS
/home/shf/workspace-ai/new_work_521/c_graph/tests/test_parser.c:45:test_parser_extracts_calls:PASS

-----------------------
2 Tests 0 Failures 0 Ignored 
OK
<end of output>
Test time =   0.05 sec
----------------------------------------------------------
Test Passed.
"test_parser" end time: May 25 11:25 CST
"test_parser" time elapsed: 00:00:00
----------------------------------------------------------

End testing: May 25 11:25 CST
